<?xml version="1.0" encoding="UTF-8"?>
<testsuite name="com.midsizemango.elasticsearch.ElasticsearchApplicationTests" tests="1" skipped="0" failures="0" errors="0" timestamp="2021-04-25T07:43:03" hostname="MacBook-Pro.local" time="0.412">
  <properties/>
  <testcase name="contextLoads()" classname="com.midsizemango.elasticsearch.ElasticsearchApplicationTests" time="0.412"/>
  <system-out><![CDATA[13:12:59.909 [Test worker] DEBUG org.springframework.test.context.BootstrapUtils - Instantiating CacheAwareContextLoaderDelegate from class [org.springframework.test.context.cache.DefaultCacheAwareContextLoaderDelegate]
13:12:59.924 [Test worker] DEBUG org.springframework.test.context.BootstrapUtils - Instantiating BootstrapContext using constructor [public org.springframework.test.context.support.DefaultBootstrapContext(java.lang.Class,org.springframework.test.context.CacheAwareContextLoaderDelegate)]
13:12:59.959 [Test worker] DEBUG org.springframework.test.context.BootstrapUtils - Instantiating TestContextBootstrapper for test class [com.midsizemango.elasticsearch.ElasticsearchApplicationTests] from class [org.springframework.boot.test.context.SpringBootTestContextBootstrapper]
13:12:59.969 [Test worker] INFO org.springframework.boot.test.context.SpringBootTestContextBootstrapper - Neither @ContextConfiguration nor @ContextHierarchy found for test class [com.midsizemango.elasticsearch.ElasticsearchApplicationTests], using SpringBootContextLoader
13:12:59.972 [Test worker] DEBUG org.springframework.test.context.support.AbstractContextLoader - Did not detect default resource location for test class [com.midsizemango.elasticsearch.ElasticsearchApplicationTests]: class path resource [com/midsizemango/elasticsearch/ElasticsearchApplicationTests-context.xml] does not exist
13:12:59.973 [Test worker] DEBUG org.springframework.test.context.support.AbstractContextLoader - Did not detect default resource location for test class [com.midsizemango.elasticsearch.ElasticsearchApplicationTests]: class path resource [com/midsizemango/elasticsearch/ElasticsearchApplicationTestsContext.groovy] does not exist
13:12:59.973 [Test worker] INFO org.springframework.test.context.support.AbstractContextLoader - Could not detect default resource locations for test class [com.midsizemango.elasticsearch.ElasticsearchApplicationTests]: no resource found for suffixes {-context.xml, Context.groovy}.
13:12:59.974 [Test worker] INFO org.springframework.test.context.support.AnnotationConfigContextLoaderUtils - Could not detect default configuration classes for test class [com.midsizemango.elasticsearch.ElasticsearchApplicationTests]: ElasticsearchApplicationTests does not declare any static, non-private, non-final, nested classes annotated with @Configuration.
13:13:00.013 [Test worker] DEBUG org.springframework.test.context.support.ActiveProfilesUtils - Could not find an 'annotation declaring class' for annotation type [org.springframework.test.context.ActiveProfiles] and class [com.midsizemango.elasticsearch.ElasticsearchApplicationTests]
13:13:00.074 [Test worker] DEBUG org.springframework.context.annotation.ClassPathScanningCandidateComponentProvider - Identified candidate component class: file [/Volumes/Workspace/IntelliJ Idea Projects/elasticsearch/build/classes/java/main/com/midsizemango/elasticsearch/ElasticsearchApplication.class]
13:13:00.074 [Test worker] INFO org.springframework.boot.test.context.SpringBootTestContextBootstrapper - Found @SpringBootConfiguration com.midsizemango.elasticsearch.ElasticsearchApplication for test class com.midsizemango.elasticsearch.ElasticsearchApplicationTests
13:13:00.161 [Test worker] DEBUG org.springframework.boot.test.context.SpringBootTestContextBootstrapper - @TestExecutionListeners is not present for class [com.midsizemango.elasticsearch.ElasticsearchApplicationTests]: using defaults.
13:13:00.162 [Test worker] INFO org.springframework.boot.test.context.SpringBootTestContextBootstrapper - Loaded default TestExecutionListener class names from location [META-INF/spring.factories]: [org.springframework.boot.test.autoconfigure.restdocs.RestDocsTestExecutionListener, org.springframework.boot.test.autoconfigure.web.client.MockRestServiceServerResetTestExecutionListener, org.springframework.boot.test.autoconfigure.web.servlet.MockMvcPrintOnlyOnFailureTestExecutionListener, org.springframework.boot.test.autoconfigure.web.servlet.WebDriverTestExecutionListener, org.springframework.boot.test.autoconfigure.webservices.client.MockWebServiceServerTestExecutionListener, org.springframework.boot.test.mock.mockito.MockitoTestExecutionListener, org.springframework.boot.test.mock.mockito.ResetMocksTestExecutionListener, org.springframework.test.context.web.ServletTestExecutionListener, org.springframework.test.context.support.DirtiesContextBeforeModesTestExecutionListener, org.springframework.test.context.event.ApplicationEventsTestExecutionListener, org.springframework.test.context.support.DependencyInjectionTestExecutionListener, org.springframework.test.context.support.DirtiesContextTestExecutionListener, org.springframework.test.context.transaction.TransactionalTestExecutionListener, org.springframework.test.context.jdbc.SqlScriptsTestExecutionListener, org.springframework.test.context.event.EventPublishingTestExecutionListener]
13:13:00.175 [Test worker] DEBUG org.springframework.boot.test.context.SpringBootTestContextBootstrapper - Skipping candidate TestExecutionListener [org.springframework.test.context.transaction.TransactionalTestExecutionListener] due to a missing dependency. Specify custom listener classes or make the default listener classes and their required dependencies available. Offending class: [org/springframework/transaction/interceptor/TransactionAttributeSource]
13:13:00.176 [Test worker] DEBUG org.springframework.boot.test.context.SpringBootTestContextBootstrapper - Skipping candidate TestExecutionListener [org.springframework.test.context.jdbc.SqlScriptsTestExecutionListener] due to a missing dependency. Specify custom listener classes or make the default listener classes and their required dependencies available. Offending class: [org/springframework/transaction/interceptor/TransactionAttribute]
13:13:00.176 [Test worker] INFO org.springframework.boot.test.context.SpringBootTestContextBootstrapper - Using TestExecutionListeners: [org.springframework.test.context.web.ServletTestExecutionListener@375bdd96, org.springframework.test.context.support.DirtiesContextBeforeModesTestExecutionListener@96fe03c, org.springframework.test.context.event.ApplicationEventsTestExecutionListener@7cb7ab7c, org.springframework.boot.test.mock.mockito.MockitoTestExecutionListener@30c7fe21, org.springframework.boot.test.autoconfigure.SpringBootDependencyInjectionTestExecutionListener@599932c2, org.springframework.test.context.support.DirtiesContextTestExecutionListener@2f0157cd, org.springframework.test.context.event.EventPublishingTestExecutionListener@6e2ce51a, org.springframework.boot.test.autoconfigure.restdocs.RestDocsTestExecutionListener@61952808, org.springframework.boot.test.autoconfigure.web.client.MockRestServiceServerResetTestExecutionListener@710a19da, org.springframework.boot.test.autoconfigure.web.servlet.MockMvcPrintOnlyOnFailureTestExecutionListener@54109709, org.springframework.boot.test.autoconfigure.web.servlet.WebDriverTestExecutionListener@5d1dbca4, org.springframework.boot.test.autoconfigure.webservices.client.MockWebServiceServerTestExecutionListener@15801a67, org.springframework.boot.test.mock.mockito.ResetMocksTestExecutionListener@346505c4]
13:13:00.179 [Test worker] DEBUG org.springframework.test.context.support.AbstractDirtiesContextTestExecutionListener - Before test class: context [DefaultTestContext@2f33585e testClass = ElasticsearchApplicationTests, testInstance = [null], testMethod = [null], testException = [null], mergedContextConfiguration = [WebMergedContextConfiguration@7a339973 testClass = ElasticsearchApplicationTests, locations = '{}', classes = '{class com.midsizemango.elasticsearch.ElasticsearchApplication}', contextInitializerClasses = '[]', activeProfiles = '{}', propertySourceLocations = '{}', propertySourceProperties = '{org.springframework.boot.test.context.SpringBootTestContextBootstrapper=true}', contextCustomizers = set[org.springframework.boot.test.autoconfigure.actuate.metrics.MetricsExportContextCustomizerFactory$DisableMetricExportContextCustomizer@56627e94, org.springframework.boot.test.autoconfigure.properties.PropertyMappingContextCustomizer@0, org.springframework.boot.test.autoconfigure.web.servlet.WebDriverContextCustomizerFactory$Customizer@16995319, org.springframework.boot.test.context.filter.ExcludeFilterContextCustomizer@59c7a01f, org.springframework.boot.test.json.DuplicateJsonObjectContextCustomizerFactory$DuplicateJsonObjectContextCustomizer@68c1ef69, org.springframework.boot.test.mock.mockito.MockitoContextCustomizer@0, org.springframework.boot.test.web.client.TestRestTemplateContextCustomizer@12b28015, org.springframework.boot.test.context.SpringBootTestArgs@1, org.springframework.boot.test.context.SpringBootTestWebEnvironment@d6165c9], resourceBasePath = 'src/main/webapp', contextLoader = 'org.springframework.boot.test.context.SpringBootContextLoader', parent = [null]], attributes = map['org.springframework.test.context.web.ServletTestExecutionListener.activateListener' -> true]], class annotated with @DirtiesContext [false] with mode [null].
13:13:00.209 [Test worker] DEBUG org.springframework.test.context.support.TestPropertySourceUtils - Adding inlined properties to environment: {spring.jmx.enabled=false, org.springframework.boot.test.context.SpringBootTestContextBootstrapper=true}

  .   ____          _            __ _ _
 /\\ / ___'_ __ _ _(_)_ __  __ _ \ \ \ \
( ( )\___ | '_ | '_| | '_ \/ _` | \ \ \ \
 \\/  ___)| |_)| | | | | || (_| |  ) ) ) )
  '  |____| .__|_| |_|_| |_\__, | / / / /
 =========|_|==============|___/=/_/_/_/
 :: Spring Boot ::                (v2.4.5)

2021-04-25 13:13:00.732  INFO 26838 --- [    Test worker] c.m.e.ElasticsearchApplicationTests      : Starting ElasticsearchApplicationTests using Java 14.0.1 on MacBook-Pro.local with PID 26838 (started by prasadshirvandkar in /Volumes/Workspace/IntelliJ Idea Projects/elasticsearch)
2021-04-25 13:13:00.734  INFO 26838 --- [    Test worker] c.m.e.ElasticsearchApplicationTests      : No active profile set, falling back to default profiles: default
2021-04-25 13:13:02.317  INFO 26838 --- [    Test worker] o.s.s.concurrent.ThreadPoolTaskExecutor  : Initializing ExecutorService 'applicationTaskExecutor'
2021-04-25 13:13:03.432  INFO 26838 --- [    Test worker] o.s.b.a.e.web.EndpointLinksResolver      : Exposing 2 endpoint(s) beneath base path '/actuator'
2021-04-25 13:13:03.478  INFO 26838 --- [    Test worker] c.m.e.ElasticsearchApplicationTests      : Started ElasticsearchApplicationTests in 3.261 seconds (JVM running for 4.298)
]]></system-out>
  <system-err><![CDATA[]]></system-err>
</testsuite>
